Search a merged Rainbow Table for a selected password.

Randomly selected chain data.
Password: VI21tdV
Hash: 1b69ba30 d4c58d76 51d114fe c9f57390 73b5f0d4 84ee9870 f483f478 bce85866 

Confirming selected target data.
Password: VI21tdV
Hash: 1b69ba30 d4c58d76 51d114fe c9f57390 73b5f0d4 84ee9870 f483f478 bce85866 

: Generating by threads a table of candidate final_hashes...
Now looking for a valid solution

Using table ./rbt/RbowTab_merge.rbt
Header size:	60
Checksum:	43b1cf5e7f70d3c5db21a3838f87295b
Created:	0
Entries:	671270
Links:		2048
Index:		0
Solutions:	1374760960
Looking for a matching chain...

=====SOLUTION FOUND===== 
VI21tdV
1b69ba30 d4c58d76 51d114fe c9f57390 73b5f0d4 84ee9870 f483f478 bce85866
This run found 1 solution and had 581 collisions.
Search a merged Rainbow Table for a selected password.

Randomly selected chain data.
Password: HP40vhN
Hash: d0a324a1 7c16c3a7 2ad5bfcc b8119473 c93bbad4 9172b23b cb41019f b20d47c4 

Confirming selected target data.
Password: HP40vhN
Hash: d0a324a1 7c16c3a7 2ad5bfcc b8119473 c93bbad4 9172b23b cb41019f b20d47c4 

: Generating by threads a table of candidate final_hashes...
Now looking for a valid solution

Using table ./rbt/RbowTab_merge.rbt
Header size:	60
Checksum:	43b1cf5e7f70d3c5db21a3838f87295b
Created:	0
Entries:	671270
Links:		2048
Index:		0
Solutions:	1374760960
Looking for a matching chain...

=====SOLUTION FOUND===== 
HP40vhN
d0a324a1 7c16c3a7 2ad5bfcc b8119473 c93bbad4 9172b23b cb41019f b20d47c4
This run found 1 solution and had 96 collisions.
Search a merged Rainbow Table for a selected password.

Randomly selected chain data.
Password: LY30bdJ
Hash: 99595384 3710b336 3a812965 76948116 222bbf44 d6142c07 1972c16e 9561793e 

Confirming selected target data.
Password: LY30bdJ
Hash: 99595384 3710b336 3a812965 76948116 222bbf44 d6142c07 1972c16e 9561793e 

: Generating by threads a table of candidate final_hashes...
Now looking for a valid solution

Using table ./rbt/RbowTab_merge.rbt
Header size:	60
Checksum:	43b1cf5e7f70d3c5db21a3838f87295b
Created:	0
Entries:	671270
Links:		2048
Index:		0
Solutions:	1374760960
Looking for a matching chain...

=====SOLUTION FOUND===== 
LY30bdJ
99595384 3710b336 3a812965 76948116 222bbf44 d6142c07 1972c16e 9561793e
This run found 1 solution and had 810 collisions.
